<?xml version="1.0" encoding="UTF-8"?>
<testng-results ignored="2" total="6" passed="4" failed="0" skipped="0">
  <reporter-output>
  </reporter-output>
  <suite started-at="2021-12-28T14:53:09 CET" name="Regression TestSuite" finished-at="2021-12-28T14:53:09 CET" duration-ms="61">
    <groups>
    </groups>
    <test started-at="2021-12-28T14:53:09 CET" name="Application Test" finished-at="2021-12-28T14:53:09 CET" duration-ms="61">
      <class name="regressionsuite.TestNG_TestClass1">
        <test-method is-config="true" signature="beforeSuite()[pri:0, instance:regressionsuite.TestNG_TestClass1@7a419da4]" started-at="2021-12-28T14:53:09 CET" name="beforeSuite" finished-at="2021-12-28T14:53:09 CET" duration-ms="9" status="PASS">
          <reporter-output>
          </reporter-output>
        </test-method> <!-- beforeSuite -->
        <test-method is-config="true" signature="setUp()[pri:0, instance:regressionsuite.TestNG_TestClass1@7a419da4]" started-at="2021-12-28T14:53:09 CET" name="setUp" finished-at="2021-12-28T14:53:09 CET" duration-ms="1" status="PASS">
          <reporter-output>
          </reporter-output>
        </test-method> <!-- setUp -->
        <test-method is-config="true" signature="beforeClass()[pri:0, instance:regressionsuite.TestNG_TestClass1@7a419da4]" started-at="2021-12-28T14:53:09 CET" name="beforeClass" finished-at="2021-12-28T14:53:09 CET" duration-ms="0" status="PASS">
          <reporter-output>
          </reporter-output>
        </test-method> <!-- beforeClass -->
        <test-method is-config="true" signature="beforeMethod()[pri:0, instance:regressionsuite.TestNG_TestClass1@7a419da4]" started-at="2021-12-28T14:53:09 CET" name="beforeMethod" finished-at="2021-12-28T14:53:09 CET" duration-ms="1" status="PASS">
          <reporter-output>
          </reporter-output>
        </test-method> <!-- beforeMethod -->
        <test-method signature="TestMethod1()[pri:0, instance:regressionsuite.TestNG_TestClass1@7a419da4]" started-at="2021-12-28T14:53:09 CET" name="TestMethod1" finished-at="2021-12-28T14:53:09 CET" duration-ms="6" status="PASS">
          <reporter-output>
          </reporter-output>
        </test-method> <!-- TestMethod1 -->
        <test-method is-config="true" signature="afterMethod()[pri:0, instance:regressionsuite.TestNG_TestClass1@7a419da4]" started-at="2021-12-28T14:53:09 CET" name="afterMethod" finished-at="2021-12-28T14:53:09 CET" duration-ms="1" status="PASS">
          <reporter-output>
          </reporter-output>
        </test-method> <!-- afterMethod -->
        <test-method is-config="true" signature="beforeMethod()[pri:0, instance:regressionsuite.TestNG_TestClass1@7a419da4]" started-at="2021-12-28T14:53:09 CET" name="beforeMethod" finished-at="2021-12-28T14:53:09 CET" duration-ms="0" status="PASS">
          <reporter-output>
          </reporter-output>
        </test-method> <!-- beforeMethod -->
        <test-method signature="TestMethod2()[pri:0, instance:regressionsuite.TestNG_TestClass1@7a419da4]" started-at="2021-12-28T14:53:09 CET" name="TestMethod2" finished-at="2021-12-28T14:53:09 CET" duration-ms="2" status="PASS">
          <reporter-output>
          </reporter-output>
        </test-method> <!-- TestMethod2 -->
        <test-method is-config="true" signature="afterMethod()[pri:0, instance:regressionsuite.TestNG_TestClass1@7a419da4]" started-at="2021-12-28T14:53:09 CET" name="afterMethod" finished-at="2021-12-28T14:53:09 CET" duration-ms="0" status="PASS">
          <reporter-output>
          </reporter-output>
        </test-method> <!-- afterMethod -->
        <test-method is-config="true" signature="cleanUp()[pri:0, instance:regressionsuite.TestNG_TestClass1@7a419da4]" started-at="2021-12-28T14:53:09 CET" name="cleanUp" finished-at="2021-12-28T14:53:09 CET" duration-ms="0" status="PASS">
          <reporter-output>
          </reporter-output>
        </test-method> <!-- cleanUp -->
        <test-method is-config="true" signature="afterClass()[pri:0, instance:regressionsuite.TestNG_TestClass1@7a419da4]" started-at="2021-12-28T14:53:09 CET" name="afterClass" finished-at="2021-12-28T14:53:09 CET" duration-ms="1" status="PASS">
          <reporter-output>
          </reporter-output>
        </test-method> <!-- afterClass -->
        <test-method is-config="true" signature="afterSuite()[pri:0, instance:regressionsuite.TestNG_TestClass1@7a419da4]" started-at="2021-12-28T14:53:09 CET" name="afterSuite" finished-at="2021-12-28T14:53:09 CET" duration-ms="0" status="PASS">
          <reporter-output>
          </reporter-output>
        </test-method> <!-- afterSuite -->
      </class> <!-- regressionsuite.TestNG_TestClass1 -->
      <class name="regressionsuite.TestNG_TestClass2">
        <test-method is-config="true" signature="beforeClass()[pri:0, instance:regressionsuite.TestNG_TestClass2@10d307f1]" started-at="2021-12-28T14:53:09 CET" name="beforeClass" finished-at="2021-12-28T14:53:09 CET" duration-ms="1" status="PASS">
          <reporter-output>
          </reporter-output>
        </test-method> <!-- beforeClass -->
        <test-method is-config="true" signature="setUp()[pri:0, instance:regressionsuite.TestNG_TestClass2@10d307f1]" started-at="2021-12-28T14:53:09 CET" name="setUp" finished-at="2021-12-28T14:53:09 CET" duration-ms="0" status="PASS">
          <reporter-output>
          </reporter-output>
        </test-method> <!-- setUp -->
        <test-method is-config="true" signature="beforeMethod()[pri:0, instance:regressionsuite.TestNG_TestClass2@10d307f1]" started-at="2021-12-28T14:53:09 CET" name="beforeMethod" finished-at="2021-12-28T14:53:09 CET" duration-ms="1" status="PASS">
          <reporter-output>
          </reporter-output>
        </test-method> <!-- beforeMethod -->
        <test-method signature="TestMethod1()[pri:0, instance:regressionsuite.TestNG_TestClass2@10d307f1]" started-at="2021-12-28T14:53:09 CET" name="TestMethod1" finished-at="2021-12-28T14:53:09 CET" duration-ms="1" status="PASS">
          <reporter-output>
          </reporter-output>
        </test-method> <!-- TestMethod1 -->
        <test-method is-config="true" signature="afterMethod()[pri:0, instance:regressionsuite.TestNG_TestClass2@10d307f1]" started-at="2021-12-28T14:53:09 CET" name="afterMethod" finished-at="2021-12-28T14:53:09 CET" duration-ms="0" status="PASS">
          <reporter-output>
          </reporter-output>
        </test-method> <!-- afterMethod -->
        <test-method is-config="true" signature="beforeMethod()[pri:0, instance:regressionsuite.TestNG_TestClass2@10d307f1]" started-at="2021-12-28T14:53:09 CET" name="beforeMethod" finished-at="2021-12-28T14:53:09 CET" duration-ms="0" status="PASS">
          <reporter-output>
          </reporter-output>
        </test-method> <!-- beforeMethod -->
        <test-method signature="TestMethod2()[pri:0, instance:regressionsuite.TestNG_TestClass2@10d307f1]" started-at="2021-12-28T14:53:09 CET" name="TestMethod2" finished-at="2021-12-28T14:53:09 CET" duration-ms="1" status="PASS">
          <reporter-output>
          </reporter-output>
        </test-method> <!-- TestMethod2 -->
        <test-method is-config="true" signature="afterMethod()[pri:0, instance:regressionsuite.TestNG_TestClass2@10d307f1]" started-at="2021-12-28T14:53:09 CET" name="afterMethod" finished-at="2021-12-28T14:53:09 CET" duration-ms="0" status="PASS">
          <reporter-output>
          </reporter-output>
        </test-method> <!-- afterMethod -->
        <test-method is-config="true" signature="cleanUp()[pri:0, instance:regressionsuite.TestNG_TestClass2@10d307f1]" started-at="2021-12-28T14:53:09 CET" name="cleanUp" finished-at="2021-12-28T14:53:09 CET" duration-ms="0" status="PASS">
          <reporter-output>
          </reporter-output>
        </test-method> <!-- cleanUp -->
        <test-method is-config="true" signature="afterClass()[pri:0, instance:regressionsuite.TestNG_TestClass2@10d307f1]" started-at="2021-12-28T14:53:09 CET" name="afterClass" finished-at="2021-12-28T14:53:09 CET" duration-ms="0" status="PASS">
          <reporter-output>
          </reporter-output>
        </test-method> <!-- afterClass -->
      </class> <!-- regressionsuite.TestNG_TestClass2 -->
    </test> <!-- Application Test -->
  </suite> <!-- Regression TestSuite -->
</testng-results>
