<?xml version="1.0" encoding="UTF-8"?>
<!-- Generated by org.testng.reporters.JUnitXMLReporter -->
<testsuite ignored="2" hostname="LAPTOP-ACMN0U9R" failures="0" tests="4" name="Application Test" time="0.061" errors="0" timestamp="2021-12-28T14:53:09 CET">
  <testcase classname="regressionsuite.TestNG_TestClass1" name="TestMethod1" time="0.006"/>
  <testcase classname="regressionsuite.TestNG_TestClass1" name="TestMethod2" time="0.002"/>
  <testcase classname="regressionsuite.TestNG_TestClass2" name="TestMethod1" time="0.001"/>
  <testcase classname="regressionsuite.TestNG_TestClass2" name="TestMethod2" time="0.001"/>
  <testcase classname="base.BaseTestSuite" name="@AfterSuite afterSuite" time="0.0">
    <ignored/>
  </testcase> <!-- @AfterSuite afterSuite -->
  <testcase classname="base.BaseTestSuite" name="@BeforeSuite beforeSuite" time="0.0">
    <ignored/>
  </testcase> <!-- @BeforeSuite beforeSuite -->
</testsuite> <!-- Application Test -->
